# JRE version: OpenJDK Runtime Environment Temurin-21.0.9+10 (21.0.9+10) (build 21.0.9+10-LTS)
# Java VM: OpenJDK 64-Bit Server VM Temurin-21.0.9+10 (21.0.9+10-LTS, mixed mode, sharing, tiered, compressed oops, compressed class ptrs, parallel gc, windows-amd64)
GC Precious Log:
 CardTable entry size: 512
 CPUs: 12 total, 12 available
 Memory: 16239M
 Large Page Support: Disabled
 NUMA Support: Disabled
 Compressed Oops: Enabled (32-bit)
 Alignments: Space 512K, Generation 512K, Heap 2M
 Heap Min Capacity: 100M
 Heap Initial Capacity: 100M
 Heap Max Capacity: 2G
 Pre-touch: Disabled
 Parallel Workers: 10
Heap:
 PSYoungGen      total 21504K, used 2178K [0x00000000d5580000, 0x00000000d7000000, 0x0000000100000000)
  eden space 20480K, 5% used [0x00000000d5580000,0x00000000d56a09c0,0x00000000d6980000)
  from space 1024K, 100% used [0x00000000d6f00000,0x00000000d7000000,0x00000000d7000000)
  to   space 1536K, 0% used [0x00000000d6d00000,0x00000000d6d00000,0x00000000d6e80000)
 ParOldGen       total 90112K, used 79636K [0x0000000080000000, 0x0000000085800000, 0x00000000d5580000)
  object space 90112K, 88% used [0x0000000080000000,0x0000000084dc5128,0x0000000085800000)
 Metaspace       used 65829K, committed 67264K, reserved 1114112K
  class space    used 6923K, committed 7552K, reserved 1048576K
GC Heap History (20 events):
Event: 39.482 GC heap before
{Heap before GC invocations=43 (full 3):
 PSYoungGen      total 22016K, used 21507K [0x00000000d5580000, 0x00000000d7a80000, 0x0000000100000000)
  eden space 20480K, 100% used [0x00000000d5580000,0x00000000d6980000,0x00000000d6980000)
  from space 1536K, 66% used [0x00000000d7800000,0x00000000d7900c10,0x00000000d7980000)
  to   space 1024K, 0% used [0x00000000d7980000,0x00000000d7980000,0x00000000d7a80000)
 ParOldGen       total 90112K, used 58514K [0x0000000080000000, 0x0000000085800000, 0x00000000d5580000)
  object space 90112K, 64% used [0x0000000080000000,0x0000000083924b38,0x0000000085800000)
 Metaspace       used 61757K, committed 63168K, reserved 1114112K
  class space    used 6696K, committed 7296K, reserved 1048576K
}
Event: 39.486 GC heap after
{Heap after GC invocations=43 (full 3):
 PSYoungGen      total 21504K, used 1018K [0x00000000d5580000, 0x00000000d7a80000, 0x0000000100000000)
  eden space 20480K, 0% used [0x00000000d5580000,0x00000000d5580000,0x00000000d6980000)
  from space 1024K, 99% used [0x00000000d7980000,0x00000000d7a7e870,0x00000000d7a80000)
  to   space 4096K, 0% used [0x00000000d7280000,0x00000000d7280000,0x00000000d7680000)
 ParOldGen       total 90112K, used 60917K [0x0000000080000000, 0x0000000085800000, 0x00000000d5580000)
  object space 90112K, 67% used [0x0000000080000000,0x0000000083b7d760,0x0000000085800000)
 Metaspace       used 61757K, committed 63168K, reserved 1114112K
  class space    used 6696K, committed 7296K, reserved 1048576K
}
Event: 40.211 GC heap before
{Heap before GC invocations=44 (full 3):
 PSYoungGen      total 21504K, used 21498K [0x00000000d5580000, 0x00000000d7a80000, 0x0000000100000000)
  eden space 20480K, 100% used [0x00000000d5580000,0x00000000d6980000,0x00000000d6980000)
  from space 1024K, 99% used [0x00000000d7980000,0x00000000d7a7e870,0x00000000d7a80000)
  to   space 4096K, 0% used [0x00000000d7280000,0x00000000d7280000,0x00000000d7680000)
 ParOldGen       total 90112K, used 60917K [0x0000000080000000, 0x0000000085800000, 0x00000000d5580000)
  object space 90112K, 67% used [0x0000000080000000,0x0000000083b7d760,0x0000000085800000)
 Metaspace       used 62674K, committed 64064K, reserved 1114112K
  class space    used 6714K, committed 7360K, reserved 1048576K
}
Event: 40.217 GC heap after
{Heap after GC invocations=44 (full 3):
 PSYoungGen      total 24576K, used 3422K [0x00000000d5580000, 0x00000000d7a00000, 0x0000000100000000)
  eden space 20480K, 0% used [0x00000000d5580000,0x00000000d5580000,0x00000000d6980000)
  from space 4096K, 83% used [0x00000000d7280000,0x00000000d75d7a68,0x00000000d7680000)
  to   space 3584K, 0% used [0x00000000d7680000,0x00000000d7680000,0x00000000d7a00000)
 ParOldGen       total 90112K, used 61923K [0x0000000080000000, 0x0000000085800000, 0x00000000d5580000)
  object space 90112K, 68% used [0x0000000080000000,0x0000000083c78c40,0x0000000085800000)
 Metaspace       used 62674K, committed 64064K, reserved 1114112K
  class space    used 6714K, committed 7360K, reserved 1048576K
}
Event: 43.028 GC heap before
{Heap before GC invocations=45 (full 3):
 PSYoungGen      total 24576K, used 23902K [0x00000000d5580000, 0x00000000d7a00000, 0x0000000100000000)
  eden space 20480K, 100% used [0x00000000d5580000,0x00000000d6980000,0x00000000d6980000)
  from space 4096K, 83% used [0x00000000d7280000,0x00000000d75d7a68,0x00000000d7680000)
  to   space 3584K, 0% used [0x00000000d7680000,0x00000000d7680000,0x00000000d7a00000)
 ParOldGen       total 90112K, used 61923K [0x0000000080000000, 0x0000000085800000, 0x00000000d5580000)
  object space 90112K, 68% used [0x0000000080000000,0x0000000083c78c40,0x0000000085800000)
 Metaspace       used 63074K, committed 64512K, reserved 1114112K
  class space    used 6729K, committed 7360K, reserved 1048576K
}
Event: 43.032 GC heap after
{Heap after GC invocations=45 (full 3):
 PSYoungGen      total 24064K, used 3565K [0x00000000d5580000, 0x00000000d8180000, 0x0000000100000000)
  eden space 20480K, 0% used [0x00000000d5580000,0x00000000d5580000,0x00000000d6980000)
  from space 3584K, 99% used [0x00000000d7680000,0x00000000d79fb7f8,0x00000000d7a00000)
  to   space 12288K, 0% used [0x00000000d6980000,0x00000000d6980000,0x00000000d7580000)
 ParOldGen       total 90112K, used 69306K [0x0000000080000000, 0x0000000085800000, 0x00000000d5580000)
  object space 90112K, 76% used [0x0000000080000000,0x00000000843aeb90,0x0000000085800000)
 Metaspace       used 63074K, committed 64512K, reserved 1114112K
  class space    used 6729K, committed 7360K, reserved 1048576K
}
Event: 43.402 GC heap before
{Heap before GC invocations=46 (full 3):
 PSYoungGen      total 24064K, used 24045K [0x00000000d5580000, 0x00000000d8180000, 0x0000000100000000)
  eden space 20480K, 100% used [0x00000000d5580000,0x00000000d6980000,0x00000000d6980000)
  from space 3584K, 99% used [0x00000000d7680000,0x00000000d79fb7f8,0x00000000d7a00000)
  to   space 12288K, 0% used [0x00000000d6980000,0x00000000d6980000,0x00000000d7580000)
 ParOldGen       total 90112K, used 69306K [0x0000000080000000, 0x0000000085800000, 0x00000000d5580000)
  object space 90112K, 76% used [0x0000000080000000,0x00000000843aeb90,0x0000000085800000)
 Metaspace       used 63435K, committed 64896K, reserved 1114112K
  class space    used 6765K, committed 7424K, reserved 1048576K
}
Event: 43.405 GC heap after
{Heap after GC invocations=46 (full 3):
 PSYoungGen      total 22016K, used 1184K [0x00000000d5580000, 0x00000000d7700000, 0x0000000100000000)
  eden space 20480K, 0% used [0x00000000d5580000,0x00000000d5580000,0x00000000d6980000)
  from space 1536K, 77% used [0x00000000d6980000,0x00000000d6aa8000,0x00000000d6b00000)
  to   space 5120K, 0% used [0x00000000d7200000,0x00000000d7200000,0x00000000d7700000)
 ParOldGen       total 90112K, used 69714K [0x0000000080000000, 0x0000000085800000, 0x00000000d5580000)
  object space 90112K, 77% used [0x0000000080000000,0x0000000084414ba0,0x0000000085800000)
 Metaspace       used 63435K, committed 64896K, reserved 1114112K
  class space    used 6765K, committed 7424K, reserved 1048576K
}
Event: 43.932 GC heap before
{Heap before GC invocations=47 (full 3):
 PSYoungGen      total 22016K, used 21656K [0x00000000d5580000, 0x00000000d7700000, 0x0000000100000000)
  eden space 20480K, 99% used [0x00000000d5580000,0x00000000d697e330,0x00000000d6980000)
  from space 1536K, 77% used [0x00000000d6980000,0x00000000d6aa8000,0x00000000d6b00000)
  to   space 5120K, 0% used [0x00000000d7200000,0x00000000d7200000,0x00000000d7700000)
 ParOldGen       total 90112K, used 69714K [0x0000000080000000, 0x0000000085800000, 0x00000000d5580000)
  object space 90112K, 77% used [0x0000000080000000,0x0000000084414ba0,0x0000000085800000)
 Metaspace       used 64391K, committed 65856K, reserved 1114112K
  class space    used 6850K, committed 7488K, reserved 1048576K
}
Event: 43.934 GC heap after
{Heap after GC invocations=47 (full 3):
 PSYoungGen      total 23040K, used 2464K [0x00000000d5580000, 0x00000000d7480000, 0x0000000100000000)
  eden space 20480K, 0% used [0x00000000d5580000,0x00000000d5580000,0x00000000d6980000)
  from space 2560K, 96% used [0x00000000d7200000,0x00000000d7468000,0x00000000d7480000)
  to   space 3072K, 0% used [0x00000000d6e80000,0x00000000d6e80000,0x00000000d7180000)
 ParOldGen       total 90112K, used 70728K [0x0000000080000000, 0x0000000085800000, 0x00000000d5580000)
  object space 90112K, 78% used [0x0000000080000000,0x00000000845121b8,0x0000000085800000)
 Metaspace       used 64391K, committed 65856K, reserved 1114112K
  class space    used 6850K, committed 7488K, reserved 1048576K
}
Event: 44.389 GC heap before
{Heap before GC invocations=48 (full 3):
 PSYoungGen      total 23040K, used 22944K [0x00000000d5580000, 0x00000000d7480000, 0x0000000100000000)
  eden space 20480K, 100% used [0x00000000d5580000,0x00000000d6980000,0x00000000d6980000)
  from space 2560K, 96% used [0x00000000d7200000,0x00000000d7468000,0x00000000d7480000)
  to   space 3072K, 0% used [0x00000000d6e80000,0x00000000d6e80000,0x00000000d7180000)
 ParOldGen       total 90112K, used 70728K [0x0000000080000000, 0x0000000085800000, 0x00000000d5580000)
  object space 90112K, 78% used [0x0000000080000000,0x00000000845121b8,0x0000000085800000)
 Metaspace       used 64568K, committed 65984K, reserved 1114112K
  class space    used 6851K, committed 7488K, reserved 1048576K
}
Event: 44.395 GC heap after
{Heap after GC invocations=48 (full 3):
 PSYoungGen      total 22528K, used 1808K [0x00000000d5580000, 0x00000000d7280000, 0x0000000100000000)
  eden space 20480K, 0% used [0x00000000d5580000,0x00000000d5580000,0x00000000d6980000)
  from space 2048K, 88% used [0x00000000d6e80000,0x00000000d7044010,0x00000000d7080000)
  to   space 2048K, 0% used [0x00000000d7080000,0x00000000d7080000,0x00000000d7280000)
 ParOldGen       total 90112K, used 72920K [0x0000000080000000, 0x0000000085800000, 0x00000000d5580000)
  object space 90112K, 80% used [0x0000000080000000,0x00000000847361b8,0x0000000085800000)
 Metaspace       used 64568K, committed 65984K, reserved 1114112K
  class space    used 6851K, committed 7488K, reserved 1048576K
}
Event: 45.114 GC heap before
{Heap before GC invocations=49 (full 3):
 PSYoungGen      total 22528K, used 22288K [0x00000000d5580000, 0x00000000d7280000, 0x0000000100000000)
  eden space 20480K, 100% used [0x00000000d5580000,0x00000000d6980000,0x00000000d6980000)
  from space 2048K, 88% used [0x00000000d6e80000,0x00000000d7044010,0x00000000d7080000)
  to   space 2048K, 0% used [0x00000000d7080000,0x00000000d7080000,0x00000000d7280000)
 ParOldGen       total 90112K, used 72920K [0x0000000080000000, 0x0000000085800000, 0x00000000d5580000)
  object space 90112K, 80% used [0x0000000080000000,0x00000000847361b8,0x0000000085800000)
 Metaspace       used 65010K, committed 66432K, reserved 1114112K
  class space    used 6894K, committed 7552K, reserved 1048576K
}
Event: 45.120 GC heap after
{Heap after GC invocations=49 (full 3):
 PSYoungGen      total 22528K, used 1920K [0x00000000d5580000, 0x00000000d7280000, 0x0000000100000000)
  eden space 20480K, 0% used [0x00000000d5580000,0x00000000d5580000,0x00000000d6980000)
  from space 2048K, 93% used [0x00000000d7080000,0x00000000d7260000,0x00000000d7280000)
  to   space 2048K, 0% used [0x00000000d6e80000,0x00000000d6e80000,0x00000000d7080000)
 ParOldGen       total 90112K, used 74418K [0x0000000080000000, 0x0000000085800000, 0x00000000d5580000)
  object space 90112K, 82% used [0x0000000080000000,0x00000000848ac8d0,0x0000000085800000)
 Metaspace       used 65010K, committed 66432K, reserved 1114112K
  class space    used 6894K, committed 7552K, reserved 1048576K
}
Event: 45.526 GC heap before
{Heap before GC invocations=50 (full 3):
 PSYoungGen      total 22528K, used 22400K [0x00000000d5580000, 0x00000000d7280000, 0x0000000100000000)
  eden space 20480K, 100% used [0x00000000d5580000,0x00000000d6980000,0x00000000d6980000)
  from space 2048K, 93% used [0x00000000d7080000,0x00000000d7260000,0x00000000d7280000)
  to   space 2048K, 0% used [0x00000000d6e80000,0x00000000d6e80000,0x00000000d7080000)
 ParOldGen       total 90112K, used 74418K [0x0000000080000000, 0x0000000085800000, 0x00000000d5580000)
  object space 90112K, 82% used [0x0000000080000000,0x00000000848ac8d0,0x0000000085800000)
 Metaspace       used 65155K, committed 66624K, reserved 1114112K
  class space    used 6895K, committed 7552K, reserved 1048576K
}
Event: 45.530 GC heap after
{Heap after GC invocations=50 (full 3):
 PSYoungGen      total 22528K, used 1872K [0x00000000d5580000, 0x00000000d7100000, 0x0000000100000000)
  eden space 20480K, 0% used [0x00000000d5580000,0x00000000d5580000,0x00000000d6980000)
  from space 2048K, 91% used [0x00000000d6e80000,0x00000000d7054010,0x00000000d7080000)
  to   space 512K, 0% used [0x00000000d7080000,0x00000000d7080000,0x00000000d7100000)
 ParOldGen       total 90112K, used 76015K [0x0000000080000000, 0x0000000085800000, 0x00000000d5580000)
  object space 90112K, 84% used [0x0000000080000000,0x0000000084a3bcd8,0x0000000085800000)
 Metaspace       used 65155K, committed 66624K, reserved 1114112K
  class space    used 6895K, committed 7552K, reserved 1048576K
}
Event: 46.064 GC heap before
{Heap before GC invocations=51 (full 3):
 PSYoungGen      total 22528K, used 22352K [0x00000000d5580000, 0x00000000d7100000, 0x0000000100000000)
  eden space 20480K, 100% used [0x00000000d5580000,0x00000000d6980000,0x00000000d6980000)
  from space 2048K, 91% used [0x00000000d6e80000,0x00000000d7054010,0x00000000d7080000)
  to   space 512K, 0% used [0x00000000d7080000,0x00000000d7080000,0x00000000d7100000)
 ParOldGen       total 90112K, used 76015K [0x0000000080000000, 0x0000000085800000, 0x00000000d5580000)
  object space 90112K, 84% used [0x0000000080000000,0x0000000084a3bcd8,0x0000000085800000)
 Metaspace       used 65315K, committed 66816K, reserved 1114112K
  class space    used 6896K, committed 7552K, reserved 1048576K
}
Event: 46.072 GC heap after
{Heap after GC invocations=51 (full 3):
 PSYoungGen      total 20992K, used 512K [0x00000000d5580000, 0x00000000d7100000, 0x0000000100000000)
  eden space 20480K, 0% used [0x00000000d5580000,0x00000000d5580000,0x00000000d6980000)
  from space 512K, 100% used [0x00000000d7080000,0x00000000d7100000,0x00000000d7100000)
  to   space 3072K, 0% used [0x00000000d6b00000,0x00000000d6b00000,0x00000000d6e00000)
 ParOldGen       total 90112K, used 78325K [0x0000000080000000, 0x0000000085800000, 0x00000000d5580000)
  object space 90112K, 86% used [0x0000000080000000,0x0000000084c7d428,0x0000000085800000)
 Metaspace       used 65315K, committed 66816K, reserved 1114112K
  class space    used 6896K, committed 7552K, reserved 1048576K
}
Event: 46.537 GC heap before
{Heap before GC invocations=52 (full 3):
 PSYoungGen      total 20992K, used 20992K [0x00000000d5580000, 0x00000000d7100000, 0x0000000100000000)
  eden space 20480K, 100% used [0x00000000d5580000,0x00000000d6980000,0x00000000d6980000)
  from space 512K, 100% used [0x00000000d7080000,0x00000000d7100000,0x00000000d7100000)
  to   space 3072K, 0% used [0x00000000d6b00000,0x00000000d6b00000,0x00000000d6e00000)
 ParOldGen       total 90112K, used 78325K [0x0000000080000000, 0x0000000085800000, 0x00000000d5580000)
  object space 90112K, 86% used [0x0000000080000000,0x0000000084c7d428,0x0000000085800000)
 Metaspace       used 65450K, committed 66880K, reserved 1114112K
  class space    used 6897K, committed 7552K, reserved 1048576K
}
Event: 46.542 GC heap after
{Heap after GC invocations=52 (full 3):
 PSYoungGen      total 23552K, used 1520K [0x00000000d5580000, 0x00000000d7100000, 0x0000000100000000)
  eden space 20480K, 0% used [0x00000000d5580000,0x00000000d5580000,0x00000000d6980000)
  from space 3072K, 49% used [0x00000000d6b00000,0x00000000d6c7c010,0x00000000d6e00000)
  to   space 2048K, 0% used [0x00000000d6f00000,0x00000000d6f00000,0x00000000d7100000)
 ParOldGen       total 90112K, used 78780K [0x0000000080000000, 0x0000000085800000, 0x00000000d5580000)
  object space 90112K, 87% used [0x0000000080000000,0x0000000084cef128,0x0000000085800000)
 Metaspace       used 65450K, committed 66880K, reserved 1114112K
  class space    used 6897K, committed 7552K, reserved 1048576K
}

