# JRE version: OpenJDK Runtime Environment Temurin-21.0.9+10 (21.0.9+10) (build 21.0.9+10-LTS)
# Java VM: OpenJDK 64-Bit Server VM Temurin-21.0.9+10 (21.0.9+10-LTS, mixed mode, sharing, tiered, compressed oops, compressed class ptrs, parallel gc, windows-amd64)
GC Precious Log:
 CardTable entry size: 512
 CPUs: 12 total, 12 available
 Memory: 16239M
 Large Page Support: Disabled
 NUMA Support: Disabled
 Compressed Oops: Enabled (32-bit)
 Alignments: Space 512K, Generation 512K, Heap 2M
 Heap Min Capacity: 100M
 Heap Initial Capacity: 100M
 Heap Max Capacity: 2G
 Pre-touch: Disabled
 Parallel Workers: 10
Heap:
 PSYoungGen      total 20992K, used 17677K [0x00000000d5580000, 0x00000000d7100000, 0x0000000100000000)
  eden space 18944K, 82% used [0x00000000d5580000,0x00000000d64c3518,0x00000000d6800000)
  from space 2048K, 100% used [0x00000000d6880000,0x00000000d6a80000,0x00000000d6a80000)
  to   space 4608K, 0% used [0x00000000d6c80000,0x00000000d6c80000,0x00000000d7100000)
 ParOldGen       total 68608K, used 47341K [0x0000000080000000, 0x0000000084300000, 0x00000000d5580000)
  object space 68608K, 69% used [0x0000000080000000,0x0000000082e3b538,0x0000000084300000)
 Metaspace       used 45543K, committed 46656K, reserved 1114112K
  class space    used 4520K, committed 4992K, reserved 1048576K
GC Heap History (20 events):
Event: 14.920 GC heap before
{Heap before GC invocations=24 (full 2):
 PSYoungGen      total 23552K, used 22843K [0x00000000d5580000, 0x00000000d6e80000, 0x0000000100000000)
  eden space 22016K, 99% used [0x00000000d5580000,0x00000000d6af6cd8,0x00000000d6b00000)
  from space 1536K, 56% used [0x00000000d6c00000,0x00000000d6cd8020,0x00000000d6d80000)
  to   space 1024K, 0% used [0x00000000d6d80000,0x00000000d6d80000,0x00000000d6e80000)
 ParOldGen       total 68608K, used 30819K [0x0000000080000000, 0x0000000084300000, 0x00000000d5580000)
  object space 68608K, 44% used [0x0000000080000000,0x0000000081e18e28,0x0000000084300000)
 Metaspace       used 41341K, committed 42432K, reserved 1114112K
  class space    used 4200K, committed 4672K, reserved 1048576K
}
Event: 14.924 GC heap after
{Heap after GC invocations=24 (full 2):
 PSYoungGen      total 22016K, used 1008K [0x00000000d5580000, 0x00000000d7200000, 0x0000000100000000)
  eden space 20992K, 0% used [0x00000000d5580000,0x00000000d5580000,0x00000000d6a00000)
  from space 1024K, 98% used [0x00000000d6d80000,0x00000000d6e7c070,0x00000000d6e80000)
  to   space 3584K, 0% used [0x00000000d6a00000,0x00000000d6a00000,0x00000000d6d80000)
 ParOldGen       total 68608K, used 32797K [0x0000000080000000, 0x0000000084300000, 0x00000000d5580000)
  object space 68608K, 47% used [0x0000000080000000,0x0000000082007580,0x0000000084300000)
 Metaspace       used 41341K, committed 42432K, reserved 1114112K
  class space    used 4200K, committed 4672K, reserved 1048576K
}
Event: 15.423 GC heap before
{Heap before GC invocations=25 (full 2):
 PSYoungGen      total 22016K, used 22000K [0x00000000d5580000, 0x00000000d7200000, 0x0000000100000000)
  eden space 20992K, 100% used [0x00000000d5580000,0x00000000d6a00000,0x00000000d6a00000)
  from space 1024K, 98% used [0x00000000d6d80000,0x00000000d6e7c070,0x00000000d6e80000)
  to   space 3584K, 0% used [0x00000000d6a00000,0x00000000d6a00000,0x00000000d6d80000)
 ParOldGen       total 68608K, used 32797K [0x0000000080000000, 0x0000000084300000, 0x00000000d5580000)
  object space 68608K, 47% used [0x0000000080000000,0x0000000082007580,0x0000000084300000)
 Metaspace       used 42119K, committed 43136K, reserved 1114112K
  class space    used 4276K, committed 4736K, reserved 1048576K
}
Event: 15.431 GC heap after
{Heap after GC invocations=25 (full 2):
 PSYoungGen      total 24576K, used 3072K [0x00000000d5580000, 0x00000000d7100000, 0x0000000100000000)
  eden space 20992K, 0% used [0x00000000d5580000,0x00000000d5580000,0x00000000d6a00000)
  from space 3584K, 85% used [0x00000000d6a00000,0x00000000d6d00038,0x00000000d6d80000)
  to   space 3584K, 0% used [0x00000000d6d80000,0x00000000d6d80000,0x00000000d7100000)
 ParOldGen       total 68608K, used 33765K [0x0000000080000000, 0x0000000084300000, 0x00000000d5580000)
  object space 68608K, 49% used [0x0000000080000000,0x00000000820f9758,0x0000000084300000)
 Metaspace       used 42119K, committed 43136K, reserved 1114112K
  class space    used 4276K, committed 4736K, reserved 1048576K
}
Event: 15.731 GC heap before
{Heap before GC invocations=26 (full 2):
 PSYoungGen      total 24576K, used 24064K [0x00000000d5580000, 0x00000000d7100000, 0x0000000100000000)
  eden space 20992K, 100% used [0x00000000d5580000,0x00000000d6a00000,0x00000000d6a00000)
  from space 3584K, 85% used [0x00000000d6a00000,0x00000000d6d00038,0x00000000d6d80000)
  to   space 3584K, 0% used [0x00000000d6d80000,0x00000000d6d80000,0x00000000d7100000)
 ParOldGen       total 68608K, used 33765K [0x0000000080000000, 0x0000000084300000, 0x00000000d5580000)
  object space 68608K, 49% used [0x0000000080000000,0x00000000820f9758,0x0000000084300000)
 Metaspace       used 42477K, committed 43520K, reserved 1114112K
  class space    used 4296K, committed 4800K, reserved 1048576K
}
Event: 15.737 GC heap after
{Heap after GC invocations=26 (full 2):
 PSYoungGen      total 23040K, used 2001K [0x00000000d5580000, 0x00000000d6f80000, 0x0000000100000000)
  eden space 20992K, 0% used [0x00000000d5580000,0x00000000d5580000,0x00000000d6a00000)
  from space 2048K, 97% used [0x00000000d6d80000,0x00000000d6f745f0,0x00000000d6f80000)
  to   space 2560K, 0% used [0x00000000d6a80000,0x00000000d6a80000,0x00000000d6d00000)
 ParOldGen       total 68608K, used 36552K [0x0000000080000000, 0x0000000084300000, 0x00000000d5580000)
  object space 68608K, 53% used [0x0000000080000000,0x00000000823b2210,0x0000000084300000)
 Metaspace       used 42477K, committed 43520K, reserved 1114112K
  class space    used 4296K, committed 4800K, reserved 1048576K
}
Event: 15.956 GC heap before
{Heap before GC invocations=27 (full 2):
 PSYoungGen      total 23040K, used 22993K [0x00000000d5580000, 0x00000000d6f80000, 0x0000000100000000)
  eden space 20992K, 100% used [0x00000000d5580000,0x00000000d6a00000,0x00000000d6a00000)
  from space 2048K, 97% used [0x00000000d6d80000,0x00000000d6f745f0,0x00000000d6f80000)
  to   space 2560K, 0% used [0x00000000d6a80000,0x00000000d6a80000,0x00000000d6d00000)
 ParOldGen       total 68608K, used 36552K [0x0000000080000000, 0x0000000084300000, 0x00000000d5580000)
  object space 68608K, 53% used [0x0000000080000000,0x00000000823b2210,0x0000000084300000)
 Metaspace       used 42707K, committed 43776K, reserved 1114112K
  class space    used 4308K, committed 4800K, reserved 1048576K
}
Event: 15.964 GC heap after
{Heap after GC invocations=27 (full 2):
 PSYoungGen      total 23040K, used 1808K [0x00000000d5580000, 0x00000000d6e00000, 0x0000000100000000)
  eden space 20992K, 0% used [0x00000000d5580000,0x00000000d5580000,0x00000000d6a00000)
  from space 2048K, 88% used [0x00000000d6a80000,0x00000000d6c44030,0x00000000d6c80000)
  to   space 1536K, 0% used [0x00000000d6c80000,0x00000000d6c80000,0x00000000d6e00000)
 ParOldGen       total 68608K, used 38341K [0x0000000080000000, 0x0000000084300000, 0x00000000d5580000)
  object space 68608K, 55% used [0x0000000080000000,0x00000000825716a8,0x0000000084300000)
 Metaspace       used 42707K, committed 43776K, reserved 1114112K
  class space    used 4308K, committed 4800K, reserved 1048576K
}
Event: 16.114 GC heap before
{Heap before GC invocations=28 (full 2):
 PSYoungGen      total 23040K, used 22800K [0x00000000d5580000, 0x00000000d6e00000, 0x0000000100000000)
  eden space 20992K, 100% used [0x00000000d5580000,0x00000000d6a00000,0x00000000d6a00000)
  from space 2048K, 88% used [0x00000000d6a80000,0x00000000d6c44030,0x00000000d6c80000)
  to   space 1536K, 0% used [0x00000000d6c80000,0x00000000d6c80000,0x00000000d6e00000)
 ParOldGen       total 68608K, used 38341K [0x0000000080000000, 0x0000000084300000, 0x00000000d5580000)
  object space 68608K, 55% used [0x0000000080000000,0x00000000825716a8,0x0000000084300000)
 Metaspace       used 42846K, committed 43968K, reserved 1114112K
  class space    used 4315K, committed 4800K, reserved 1048576K
}
Event: 16.118 GC heap after
{Heap after GC invocations=28 (full 2):
 PSYoungGen      total 22528K, used 1424K [0x00000000d5580000, 0x00000000d6e00000, 0x0000000100000000)
  eden space 20992K, 0% used [0x00000000d5580000,0x00000000d5580000,0x00000000d6a00000)
  from space 1536K, 92% used [0x00000000d6c80000,0x00000000d6de4030,0x00000000d6e00000)
  to   space 2048K, 0% used [0x00000000d6a00000,0x00000000d6a00000,0x00000000d6c00000)
 ParOldGen       total 68608K, used 39339K [0x0000000080000000, 0x0000000084300000, 0x00000000d5580000)
  object space 68608K, 57% used [0x0000000080000000,0x000000008266afd0,0x0000000084300000)
 Metaspace       used 42846K, committed 43968K, reserved 1114112K
  class space    used 4315K, committed 4800K, reserved 1048576K
}
Event: 16.298 GC heap before
{Heap before GC invocations=29 (full 2):
 PSYoungGen      total 22528K, used 22416K [0x00000000d5580000, 0x00000000d6e00000, 0x0000000100000000)
  eden space 20992K, 100% used [0x00000000d5580000,0x00000000d6a00000,0x00000000d6a00000)
  from space 1536K, 92% used [0x00000000d6c80000,0x00000000d6de4030,0x00000000d6e00000)
  to   space 2048K, 0% used [0x00000000d6a00000,0x00000000d6a00000,0x00000000d6c00000)
 ParOldGen       total 68608K, used 39339K [0x0000000080000000, 0x0000000084300000, 0x00000000d5580000)
  object space 68608K, 57% used [0x0000000080000000,0x000000008266afd0,0x0000000084300000)
 Metaspace       used 43020K, committed 44096K, reserved 1114112K
  class space    used 4323K, committed 4800K, reserved 1048576K
}
Event: 16.302 GC heap after
{Heap after GC invocations=29 (full 2):
 PSYoungGen      total 23040K, used 1815K [0x00000000d5580000, 0x00000000d6e00000, 0x0000000100000000)
  eden space 20992K, 0% used [0x00000000d5580000,0x00000000d5580000,0x00000000d6a00000)
  from space 2048K, 88% used [0x00000000d6a00000,0x00000000d6bc5ea8,0x00000000d6c00000)
  to   space 2048K, 0% used [0x00000000d6c00000,0x00000000d6c00000,0x00000000d6e00000)
 ParOldGen       total 68608K, used 40516K [0x0000000080000000, 0x0000000084300000, 0x00000000d5580000)
  object space 68608K, 59% used [0x0000000080000000,0x0000000082791070,0x0000000084300000)
 Metaspace       used 43020K, committed 44096K, reserved 1114112K
  class space    used 4323K, committed 4800K, reserved 1048576K
}
Event: 16.383 GC heap before
{Heap before GC invocations=30 (full 2):
 PSYoungGen      total 23040K, used 22807K [0x00000000d5580000, 0x00000000d6e00000, 0x0000000100000000)
  eden space 20992K, 100% used [0x00000000d5580000,0x00000000d6a00000,0x00000000d6a00000)
  from space 2048K, 88% used [0x00000000d6a00000,0x00000000d6bc5ea8,0x00000000d6c00000)
  to   space 2048K, 0% used [0x00000000d6c00000,0x00000000d6c00000,0x00000000d6e00000)
 ParOldGen       total 68608K, used 40516K [0x0000000080000000, 0x0000000084300000, 0x00000000d5580000)
  object space 68608K, 59% used [0x0000000080000000,0x0000000082791070,0x0000000084300000)
 Metaspace       used 43153K, committed 44224K, reserved 1114112K
  class space    used 4326K, committed 4800K, reserved 1048576K
}
Event: 16.388 GC heap after
{Heap after GC invocations=30 (full 2):
 PSYoungGen      total 20992K, used 2016K [0x00000000d5580000, 0x00000000d7200000, 0x0000000100000000)
  eden space 18944K, 0% used [0x00000000d5580000,0x00000000d5580000,0x00000000d6800000)
  from space 2048K, 98% used [0x00000000d6c00000,0x00000000d6df8040,0x00000000d6e00000)
  to   space 4096K, 0% used [0x00000000d6800000,0x00000000d6800000,0x00000000d6c00000)
 ParOldGen       total 68608K, used 41985K [0x0000000080000000, 0x0000000084300000, 0x00000000d5580000)
  object space 68608K, 61% used [0x0000000080000000,0x0000000082900740,0x0000000084300000)
 Metaspace       used 43153K, committed 44224K, reserved 1114112K
  class space    used 4326K, committed 4800K, reserved 1048576K
}
Event: 16.488 GC heap before
{Heap before GC invocations=31 (full 2):
 PSYoungGen      total 20992K, used 20960K [0x00000000d5580000, 0x00000000d7200000, 0x0000000100000000)
  eden space 18944K, 100% used [0x00000000d5580000,0x00000000d6800000,0x00000000d6800000)
  from space 2048K, 98% used [0x00000000d6c00000,0x00000000d6df8040,0x00000000d6e00000)
  to   space 4096K, 0% used [0x00000000d6800000,0x00000000d6800000,0x00000000d6c00000)
 ParOldGen       total 68608K, used 41985K [0x0000000080000000, 0x0000000084300000, 0x00000000d5580000)
  object space 68608K, 61% used [0x0000000080000000,0x0000000082900740,0x0000000084300000)
 Metaspace       used 43566K, committed 44672K, reserved 1114112K
  class space    used 4357K, committed 4864K, reserved 1048576K
}
Event: 16.494 GC heap after
{Heap after GC invocations=31 (full 2):
 PSYoungGen      total 20480K, used 1520K [0x00000000d5580000, 0x00000000d6d00000, 0x0000000100000000)
  eden space 18944K, 0% used [0x00000000d5580000,0x00000000d5580000,0x00000000d6800000)
  from space 1536K, 98% used [0x00000000d6800000,0x00000000d697c010,0x00000000d6980000)
  to   space 2560K, 0% used [0x00000000d6a80000,0x00000000d6a80000,0x00000000d6d00000)
 ParOldGen       total 68608K, used 43906K [0x0000000080000000, 0x0000000084300000, 0x00000000d5580000)
  object space 68608K, 63% used [0x0000000080000000,0x0000000082ae0bf8,0x0000000084300000)
 Metaspace       used 43566K, committed 44672K, reserved 1114112K
  class space    used 4357K, committed 4864K, reserved 1048576K
}
Event: 16.648 GC heap before
{Heap before GC invocations=32 (full 2):
 PSYoungGen      total 20480K, used 20464K [0x00000000d5580000, 0x00000000d6d00000, 0x0000000100000000)
  eden space 18944K, 100% used [0x00000000d5580000,0x00000000d6800000,0x00000000d6800000)
  from space 1536K, 98% used [0x00000000d6800000,0x00000000d697c010,0x00000000d6980000)
  to   space 2560K, 0% used [0x00000000d6a80000,0x00000000d6a80000,0x00000000d6d00000)
 ParOldGen       total 68608K, used 43906K [0x0000000080000000, 0x0000000084300000, 0x00000000d5580000)
  object space 68608K, 63% used [0x0000000080000000,0x0000000082ae0bf8,0x0000000084300000)
 Metaspace       used 43899K, committed 44992K, reserved 1114112K
  class space    used 4395K, committed 4864K, reserved 1048576K
}
Event: 16.653 GC heap after
{Heap after GC invocations=32 (full 2):
 PSYoungGen      total 20992K, used 1792K [0x00000000d5580000, 0x00000000d6c80000, 0x0000000100000000)
  eden space 18944K, 0% used [0x00000000d5580000,0x00000000d5580000,0x00000000d6800000)
  from space 2048K, 87% used [0x00000000d6a80000,0x00000000d6c40020,0x00000000d6c80000)
  to   space 2048K, 0% used [0x00000000d6880000,0x00000000d6880000,0x00000000d6a80000)
 ParOldGen       total 68608K, used 45307K [0x0000000080000000, 0x0000000084300000, 0x00000000d5580000)
  object space 68608K, 66% used [0x0000000080000000,0x0000000082c3ed90,0x0000000084300000)
 Metaspace       used 43899K, committed 44992K, reserved 1114112K
  class space    used 4395K, committed 4864K, reserved 1048576K
}
Event: 17.200 GC heap before
{Heap before GC invocations=33 (full 2):
 PSYoungGen      total 20992K, used 20736K [0x00000000d5580000, 0x00000000d6c80000, 0x0000000100000000)
  eden space 18944K, 100% used [0x00000000d5580000,0x00000000d6800000,0x00000000d6800000)
  from space 2048K, 87% used [0x00000000d6a80000,0x00000000d6c40020,0x00000000d6c80000)
  to   space 2048K, 0% used [0x00000000d6880000,0x00000000d6880000,0x00000000d6a80000)
 ParOldGen       total 68608K, used 45307K [0x0000000080000000, 0x0000000084300000, 0x00000000d5580000)
  object space 68608K, 66% used [0x0000000080000000,0x0000000082c3ed90,0x0000000084300000)
 Metaspace       used 45021K, committed 46144K, reserved 1114112K
  class space    used 4485K, committed 4992K, reserved 1048576K
}
Event: 17.207 GC heap after
{Heap after GC invocations=33 (full 2):
 PSYoungGen      total 20992K, used 2048K [0x00000000d5580000, 0x00000000d7100000, 0x0000000100000000)
  eden space 18944K, 0% used [0x00000000d5580000,0x00000000d5580000,0x00000000d6800000)
  from space 2048K, 100% used [0x00000000d6880000,0x00000000d6a80000,0x00000000d6a80000)
  to   space 4608K, 0% used [0x00000000d6c80000,0x00000000d6c80000,0x00000000d7100000)
 ParOldGen       total 68608K, used 47341K [0x0000000080000000, 0x0000000084300000, 0x00000000d5580000)
  object space 68608K, 69% used [0x0000000080000000,0x0000000082e3b538,0x0000000084300000)
 Metaspace       used 45021K, committed 46144K, reserved 1114112K
  class space    used 4485K, committed 4992K, reserved 1048576K
}

