# JRE version: OpenJDK Runtime Environment Temurin-21.0.8+9 (21.0.8+9) (build 21.0.8+9-LTS)
# Java VM: OpenJDK 64-Bit Server VM Temurin-21.0.8+9 (21.0.8+9-LTS, mixed mode, sharing, tiered, compressed oops, compressed class ptrs, parallel gc, windows-amd64)
GC Precious Log:
 CardTable entry size: 512
 CPUs: 12 total, 12 available
 Memory: 16238M
 Large Page Support: Disabled
 NUMA Support: Disabled
 Compressed Oops: Enabled (32-bit)
 Alignments: Space 512K, Generation 512K, Heap 2M
 Heap Min Capacity: 100M
 Heap Initial Capacity: 100M
 Heap Max Capacity: 2G
 Pre-touch: Disabled
 Parallel Workers: 10
Heap:
 PSYoungGen      total 5120K, used 3319K [0x00000000d5580000, 0x00000000d6200000, 0x0000000100000000)
  eden space 4096K, 64% used [0x00000000d5580000,0x00000000d5815f78,0x00000000d5980000)
  from space 1024K, 65% used [0x00000000d6100000,0x00000000d61a8000,0x00000000d6200000)
  to   space 1024K, 0% used [0x00000000d6000000,0x00000000d6000000,0x00000000d6100000)
 ParOldGen       total 763904K, used 763822K [0x0000000080000000, 0x00000000aea00000, 0x00000000d5580000)
  object space 763904K, 99% used [0x0000000080000000,0x00000000ae9eb808,0x00000000aea00000)
 Metaspace       used 102294K, committed 104000K, reserved 1179648K
  class space    used 10021K, committed 10816K, reserved 1048576K
GC Heap History (20 events):
Event: 10838.387 GC heap before
{Heap before GC invocations=16112 (full 34):
 PSYoungGen      total 11776K, used 11388K [0x00000000d5580000, 0x00000000d6680000, 0x0000000100000000)
  eden space 6144K, 99% used [0x00000000d5580000,0x00000000d5b77350,0x00000000d5b80000)
  from space 5632K, 93% used [0x00000000d6100000,0x00000000d6628000,0x00000000d6680000)
  to   space 5632K, 0% used [0x00000000d5b80000,0x00000000d5b80000,0x00000000d6100000)
 ParOldGen       total 697856K, used 697389K [0x0000000080000000, 0x00000000aa980000, 0x00000000d5580000)
  object space 697856K, 99% used [0x0000000080000000,0x00000000aa90b658,0x00000000aa980000)
 Metaspace       used 102290K, committed 104000K, reserved 1179648K
  class space    used 10021K, committed 10816K, reserved 1048576K
}
Event: 10838.400 GC heap after
{Heap after GC invocations=16112 (full 34):
 PSYoungGen      total 11776K, used 5621K [0x00000000d5580000, 0x00000000d7500000, 0x0000000100000000)
  eden space 6144K, 0% used [0x00000000d5580000,0x00000000d5580000,0x00000000d5b80000)
  from space 5632K, 99% used [0x00000000d5b80000,0x00000000d60fd400,0x00000000d6100000)
  to   space 12288K, 0% used [0x00000000d6900000,0x00000000d6900000,0x00000000d7500000)
 ParOldGen       total 702976K, used 702877K [0x0000000080000000, 0x00000000aae80000, 0x00000000d5580000)
  object space 702976K, 99% used [0x0000000080000000,0x00000000aae67658,0x00000000aae80000)
 Metaspace       used 102290K, committed 104000K, reserved 1179648K
  class space    used 10021K, committed 10816K, reserved 1048576K
}
Event: 10838.437 GC heap before
{Heap before GC invocations=16113 (full 34):
 PSYoungGen      total 11776K, used 11103K [0x00000000d5580000, 0x00000000d7500000, 0x0000000100000000)
  eden space 6144K, 89% used [0x00000000d5580000,0x00000000d5ada928,0x00000000d5b80000)
  from space 5632K, 99% used [0x00000000d5b80000,0x00000000d60fd400,0x00000000d6100000)
  to   space 12288K, 0% used [0x00000000d6900000,0x00000000d6900000,0x00000000d7500000)
 ParOldGen       total 702976K, used 702877K [0x0000000080000000, 0x00000000aae80000, 0x00000000d5580000)
  object space 702976K, 99% used [0x0000000080000000,0x00000000aae67658,0x00000000aae80000)
 Metaspace       used 102290K, committed 104000K, reserved 1179648K
  class space    used 10021K, committed 10816K, reserved 1048576K
}
Event: 10838.448 GC heap after
{Heap after GC invocations=16113 (full 34):
 PSYoungGen      total 11776K, used 3816K [0x00000000d5580000, 0x00000000d6d00000, 0x0000000100000000)
  eden space 7680K, 0% used [0x00000000d5580000,0x00000000d5580000,0x00000000d5d00000)
  from space 4096K, 93% used [0x00000000d6900000,0x00000000d6cba000,0x00000000d6d00000)
  to   space 6656K, 0% used [0x00000000d6000000,0x00000000d6000000,0x00000000d6680000)
 ParOldGen       total 708608K, used 708301K [0x0000000080000000, 0x00000000ab400000, 0x00000000d5580000)
  object space 708608K, 99% used [0x0000000080000000,0x00000000ab3b3658,0x00000000ab400000)
 Metaspace       used 102290K, committed 104000K, reserved 1179648K
  class space    used 10021K, committed 10816K, reserved 1048576K
}
Event: 10838.501 GC heap before
{Heap before GC invocations=16114 (full 34):
 PSYoungGen      total 11776K, used 11495K [0x00000000d5580000, 0x00000000d6d00000, 0x0000000100000000)
  eden space 7680K, 99% used [0x00000000d5580000,0x00000000d5cffca0,0x00000000d5d00000)
  from space 4096K, 93% used [0x00000000d6900000,0x00000000d6cba000,0x00000000d6d00000)
  to   space 6656K, 0% used [0x00000000d6000000,0x00000000d6000000,0x00000000d6680000)
 ParOldGen       total 708608K, used 708301K [0x0000000080000000, 0x00000000ab400000, 0x00000000d5580000)
  object space 708608K, 99% used [0x0000000080000000,0x00000000ab3b3658,0x00000000ab400000)
 Metaspace       used 102290K, committed 104000K, reserved 1179648K
  class space    used 10021K, committed 10816K, reserved 1048576K
}
Event: 10838.508 GC heap after
{Heap after GC invocations=16114 (full 34):
 PSYoungGen      total 15872K, used 6558K [0x00000000d5580000, 0x00000000d6c80000, 0x0000000100000000)
  eden space 9216K, 0% used [0x00000000d5580000,0x00000000d5580000,0x00000000d5e80000)
  from space 6656K, 98% used [0x00000000d6000000,0x00000000d6667a88,0x00000000d6680000)
  to   space 6144K, 0% used [0x00000000d6680000,0x00000000d6680000,0x00000000d6c80000)
 ParOldGen       total 712192K, used 711909K [0x0000000080000000, 0x00000000ab780000, 0x00000000d5580000)
  object space 712192K, 99% used [0x0000000080000000,0x00000000ab739668,0x00000000ab780000)
 Metaspace       used 102290K, committed 104000K, reserved 1179648K
  class space    used 10021K, committed 10816K, reserved 1048576K
}
Event: 10838.535 GC heap before
{Heap before GC invocations=16115 (full 34):
 PSYoungGen      total 15872K, used 15774K [0x00000000d5580000, 0x00000000d6c80000, 0x0000000100000000)
  eden space 9216K, 100% used [0x00000000d5580000,0x00000000d5e80000,0x00000000d5e80000)
  from space 6656K, 98% used [0x00000000d6000000,0x00000000d6667a88,0x00000000d6680000)
  to   space 6144K, 0% used [0x00000000d6680000,0x00000000d6680000,0x00000000d6c80000)
 ParOldGen       total 712192K, used 711909K [0x0000000080000000, 0x00000000ab780000, 0x00000000d5580000)
  object space 712192K, 99% used [0x0000000080000000,0x00000000ab739668,0x00000000ab780000)
 Metaspace       used 102290K, committed 104000K, reserved 1179648K
  class space    used 10021K, committed 10816K, reserved 1048576K
}
Event: 10838.541 GC heap after
{Heap after GC invocations=16115 (full 34):
 PSYoungGen      total 13312K, used 1990K [0x00000000d5580000, 0x00000000d6880000, 0x0000000100000000)
  eden space 11264K, 0% used [0x00000000d5580000,0x00000000d5580000,0x00000000d6080000)
  from space 2048K, 97% used [0x00000000d6680000,0x00000000d6871b20,0x00000000d6880000)
  to   space 4096K, 0% used [0x00000000d6080000,0x00000000d6080000,0x00000000d6480000)
 ParOldGen       total 717824K, used 717525K [0x0000000080000000, 0x00000000abd00000, 0x00000000d5580000)
  object space 717824K, 99% used [0x0000000080000000,0x00000000abcb55a8,0x00000000abd00000)
 Metaspace       used 102290K, committed 104000K, reserved 1179648K
  class space    used 10021K, committed 10816K, reserved 1048576K
}
Event: 10838.578 GC heap before
{Heap before GC invocations=16116 (full 34):
 PSYoungGen      total 13312K, used 13254K [0x00000000d5580000, 0x00000000d6880000, 0x0000000100000000)
  eden space 11264K, 100% used [0x00000000d5580000,0x00000000d6080000,0x00000000d6080000)
  from space 2048K, 97% used [0x00000000d6680000,0x00000000d6871b20,0x00000000d6880000)
  to   space 4096K, 0% used [0x00000000d6080000,0x00000000d6080000,0x00000000d6480000)
 ParOldGen       total 737792K, used 736725K [0x0000000080000000, 0x00000000ad080000, 0x00000000d5580000)
  object space 737792K, 99% used [0x0000000080000000,0x00000000acf755c8,0x00000000ad080000)
 Metaspace       used 102290K, committed 104000K, reserved 1179648K
  class space    used 10021K, committed 10816K, reserved 1048576K
}
Event: 10838.583 GC heap after
{Heap after GC invocations=16116 (full 34):
 PSYoungGen      total 15360K, used 4079K [0x00000000d5580000, 0x00000000d6d80000, 0x0000000100000000)
  eden space 11264K, 0% used [0x00000000d5580000,0x00000000d5580000,0x00000000d6080000)
  from space 4096K, 99% used [0x00000000d6080000,0x00000000d647bec0,0x00000000d6480000)
  to   space 6656K, 0% used [0x00000000d6700000,0x00000000d6700000,0x00000000d6d80000)
 ParOldGen       total 738816K, used 738515K [0x0000000080000000, 0x00000000ad180000, 0x00000000d5580000)
  object space 738816K, 99% used [0x0000000080000000,0x00000000ad134eb8,0x00000000ad180000)
 Metaspace       used 102290K, committed 104000K, reserved 1179648K
  class space    used 10021K, committed 10816K, reserved 1048576K
}
Event: 10838.630 GC heap before
{Heap before GC invocations=16117 (full 34):
 PSYoungGen      total 15360K, used 15343K [0x00000000d5580000, 0x00000000d6d80000, 0x0000000100000000)
  eden space 11264K, 100% used [0x00000000d5580000,0x00000000d6080000,0x00000000d6080000)
  from space 4096K, 99% used [0x00000000d6080000,0x00000000d647bec0,0x00000000d6480000)
  to   space 6656K, 0% used [0x00000000d6700000,0x00000000d6700000,0x00000000d6d80000)
 ParOldGen       total 750592K, used 750035K [0x0000000080000000, 0x00000000add00000, 0x00000000d5580000)
  object space 750592K, 99% used [0x0000000080000000,0x00000000adc74ec8,0x00000000add00000)
 Metaspace       used 102290K, committed 104000K, reserved 1179648K
  class space    used 10021K, committed 10816K, reserved 1048576K
}
Event: 10838.639 GC heap after
{Heap after GC invocations=16117 (full 34):
 PSYoungGen      total 10752K, used 6656K [0x00000000d5580000, 0x00000000d7b80000, 0x0000000100000000)
  eden space 4096K, 0% used [0x00000000d5580000,0x00000000d5580000,0x00000000d5980000)
  from space 6656K, 100% used [0x00000000d6700000,0x00000000d6d80000,0x00000000d6d80000)
  to   space 13824K, 0% used [0x00000000d5980000,0x00000000d5980000,0x00000000d6700000)
 ParOldGen       total 755712K, used 755484K [0x0000000080000000, 0x00000000ae200000, 0x00000000d5580000)
  object space 755712K, 99% used [0x0000000080000000,0x00000000ae1c7360,0x00000000ae200000)
 Metaspace       used 102290K, committed 104000K, reserved 1179648K
  class space    used 10021K, committed 10816K, reserved 1048576K
}
Event: 10838.722 GC heap before
{Heap before GC invocations=16118 (full 34):
 PSYoungGen      total 10752K, used 10752K [0x00000000d5580000, 0x00000000d7b80000, 0x0000000100000000)
  eden space 4096K, 100% used [0x00000000d5580000,0x00000000d5980000,0x00000000d5980000)
  from space 6656K, 100% used [0x00000000d6700000,0x00000000d6d80000,0x00000000d6d80000)
  to   space 13824K, 0% used [0x00000000d5980000,0x00000000d5980000,0x00000000d6700000)
 ParOldGen       total 755712K, used 755484K [0x0000000080000000, 0x00000000ae200000, 0x00000000d5580000)
  object space 755712K, 99% used [0x0000000080000000,0x00000000ae1c7360,0x00000000ae200000)
 Metaspace       used 102290K, committed 104000K, reserved 1179648K
  class space    used 10021K, committed 10816K, reserved 1048576K
}
Event: 10838.731 GC heap after
{Heap after GC invocations=16118 (full 34):
 PSYoungGen      total 6656K, used 2256K [0x00000000d5580000, 0x00000000d6780000, 0x0000000100000000)
  eden space 4096K, 0% used [0x00000000d5580000,0x00000000d5580000,0x00000000d5980000)
  from space 2560K, 88% used [0x00000000d5980000,0x00000000d5bb4010,0x00000000d5c00000)
  to   space 6144K, 0% used [0x00000000d6180000,0x00000000d6180000,0x00000000d6780000)
 ParOldGen       total 761856K, used 761530K [0x0000000080000000, 0x00000000ae800000, 0x00000000d5580000)
  object space 761856K, 99% used [0x0000000080000000,0x00000000ae7aeb00,0x00000000ae800000)
 Metaspace       used 102290K, committed 104000K, reserved 1179648K
  class space    used 10021K, committed 10816K, reserved 1048576K
}
Event: 10839.222 GC heap before
{Heap before GC invocations=16119 (full 34):
 PSYoungGen      total 6656K, used 6352K [0x00000000d5580000, 0x00000000d6780000, 0x0000000100000000)
  eden space 4096K, 100% used [0x00000000d5580000,0x00000000d5980000,0x00000000d5980000)
  from space 2560K, 88% used [0x00000000d5980000,0x00000000d5bb4010,0x00000000d5c00000)
  to   space 6144K, 0% used [0x00000000d6180000,0x00000000d6180000,0x00000000d6780000)
 ParOldGen       total 761856K, used 761530K [0x0000000080000000, 0x00000000ae800000, 0x00000000d5580000)
  object space 761856K, 99% used [0x0000000080000000,0x00000000ae7aeb00,0x00000000ae800000)
 Metaspace       used 102290K, committed 104000K, reserved 1179648K
  class space    used 10021K, committed 10816K, reserved 1048576K
}
Event: 10839.227 GC heap after
{Heap after GC invocations=16119 (full 34):
 PSYoungGen      total 5120K, used 660K [0x00000000d5580000, 0x00000000d6280000, 0x0000000100000000)
  eden space 4096K, 0% used [0x00000000d5580000,0x00000000d5580000,0x00000000d5980000)
  from space 1024K, 64% used [0x00000000d6180000,0x00000000d6225200,0x00000000d6280000)
  to   space 2048K, 0% used [0x00000000d5e80000,0x00000000d5e80000,0x00000000d6080000)
 ParOldGen       total 763904K, used 763609K [0x0000000080000000, 0x00000000aea00000, 0x00000000d5580000)
  object space 763904K, 99% used [0x0000000080000000,0x00000000ae9b6608,0x00000000aea00000)
 Metaspace       used 102290K, committed 104000K, reserved 1179648K
  class space    used 10021K, committed 10816K, reserved 1048576K
}
Event: 10839.238 GC heap before
{Heap before GC invocations=16120 (full 34):
 PSYoungGen      total 5120K, used 4756K [0x00000000d5580000, 0x00000000d6280000, 0x0000000100000000)
  eden space 4096K, 100% used [0x00000000d5580000,0x00000000d5980000,0x00000000d5980000)
  from space 1024K, 64% used [0x00000000d6180000,0x00000000d6225200,0x00000000d6280000)
  to   space 2048K, 0% used [0x00000000d5e80000,0x00000000d5e80000,0x00000000d6080000)
 ParOldGen       total 763904K, used 763609K [0x0000000080000000, 0x00000000aea00000, 0x00000000d5580000)
  object space 763904K, 99% used [0x0000000080000000,0x00000000ae9b6608,0x00000000aea00000)
 Metaspace       used 102290K, committed 104000K, reserved 1179648K
  class space    used 10021K, committed 10816K, reserved 1048576K
}
Event: 10839.240 GC heap after
{Heap after GC invocations=16120 (full 34):
 PSYoungGen      total 6144K, used 288K [0x00000000d5580000, 0x00000000d6200000, 0x0000000100000000)
  eden space 4096K, 0% used [0x00000000d5580000,0x00000000d5580000,0x00000000d5980000)
  from space 2048K, 14% used [0x00000000d5e80000,0x00000000d5ec8000,0x00000000d6080000)
  to   space 1024K, 0% used [0x00000000d6100000,0x00000000d6100000,0x00000000d6200000)
 ParOldGen       total 763904K, used 763681K [0x0000000080000000, 0x00000000aea00000, 0x00000000d5580000)
  object space 763904K, 99% used [0x0000000080000000,0x00000000ae9c8608,0x00000000aea00000)
 Metaspace       used 102290K, committed 104000K, reserved 1179648K
  class space    used 10021K, committed 10816K, reserved 1048576K
}
Event: 10839.251 GC heap before
{Heap before GC invocations=16121 (full 34):
 PSYoungGen      total 6144K, used 4384K [0x00000000d5580000, 0x00000000d6200000, 0x0000000100000000)
  eden space 4096K, 100% used [0x00000000d5580000,0x00000000d5980000,0x00000000d5980000)
  from space 2048K, 14% used [0x00000000d5e80000,0x00000000d5ec8000,0x00000000d6080000)
  to   space 1024K, 0% used [0x00000000d6100000,0x00000000d6100000,0x00000000d6200000)
 ParOldGen       total 763904K, used 763681K [0x0000000080000000, 0x00000000aea00000, 0x00000000d5580000)
  object space 763904K, 99% used [0x0000000080000000,0x00000000ae9c8608,0x00000000aea00000)
 Metaspace       used 102290K, committed 104000K, reserved 1179648K
  class space    used 10021K, committed 10816K, reserved 1048576K
}
Event: 10839.254 GC heap after
{Heap after GC invocations=16121 (full 34):
 PSYoungGen      total 5120K, used 672K [0x00000000d5580000, 0x00000000d6200000, 0x0000000100000000)
  eden space 4096K, 0% used [0x00000000d5580000,0x00000000d5580000,0x00000000d5980000)
  from space 1024K, 65% used [0x00000000d6100000,0x00000000d61a8000,0x00000000d6200000)
  to   space 1024K, 0% used [0x00000000d6000000,0x00000000d6000000,0x00000000d6100000)
 ParOldGen       total 763904K, used 763822K [0x0000000080000000, 0x00000000aea00000, 0x00000000d5580000)
  object space 763904K, 99% used [0x0000000080000000,0x00000000ae9eb808,0x00000000aea00000)
 Metaspace       used 102290K, committed 104000K, reserved 1179648K
  class space    used 10021K, committed 10816K, reserved 1048576K
}

